{"name": "test_guest_can_add_product_to_basket[offer7]", "status": "skipped", "statusDetails": {"message": "XFAIL\n\nAssertionError: Selected and added product name does not match!", "trace": "self = <module_5.test_main_page.TestMainPage object at 0x0000018C9045F608>\nbrowser = <selenium.webdriver.chrome.webdriver.WebDriver (session=\"3905ceccb1e1ac929db5368efae9a697\")>\nlanguage = 'en-gb', promo_offer = 'offer7'\n\n    @pytest.mark.parametrize('promo_offer', [\"offer0\",\"offer1\",\"offer2\",\"offer3\",\"offer4\",\"offer5\",\"offer6\", pytest.param(\"offer7\", marks=pytest.mark.xfail),\"offer8\",\"offer9\"])\n    def test_guest_can_add_product_to_basket(self, browser, language, promo_offer):\n        promo_page = ProductPage(browser, promo_link+f\"/?promo={promo_offer}\")\n        promo_page.open()\n        promo_page.should_be_add_product_to_basket(language)\n        promo_page.solve_quiz_and_get_code()\n>       promo_page.compare_selected_and_added_product()\n\nselenium_course\\stepik_lessons\\module_5\\test_main_page.py:58: \n_ _ _ _ _ _ _ _ _ _ _ _ _ _ _ _ _ _ _ _ _ _ _ _ _ _ _ _ _ _ _ _ _ _ _ _ _ _ _ _ _ _ _ _ _ _ _ _ _ _ _ _ _ _ _ _ _ _ _ _\nselenium_course\\stepik_lessons\\module_5\\pages\\product_page.py:18: in compare_selected_and_added_product\n    self.compare_selected_product_name_and_added_product_name()\n_ _ _ _ _ _ _ _ _ _ _ _ _ _ _ _ _ _ _ _ _ _ _ _ _ _ _ _ _ _ _ _ _ _ _ _ _ _ _ _ _ _ _ _ _ _ _ _ _ _ _ _ _ _ _ _ _ _ _ _\n\nself = <module_5.pages.product_page.ProductPage object at 0x0000018C9045B7C8>\n\n    def compare_selected_product_name_and_added_product_name(self):\n        product_added_allert = self.get_element_text(*ProductPageLocators.PRODUCT_ADDED_ALLERT_MESSAGE)\n        product_name = self.get_element_text(*ProductPageLocators.NAME_OF_PRODUCT)\n>       assert product_name == product_added_allert, \"Selected and added product name does not match!\"\nE       AssertionError: Selected and added product name does not match!\n\nselenium_course\\stepik_lessons\\module_5\\pages\\product_page.py:32: AssertionError"}, "attachments": [{"name": "stdout", "source": "38f0328e-0c5d-45d3-b9f2-24e465188a62-attachment.txt", "type": "text/plain"}], "parameters": [{"name": "promo_offer", "value": "'offer7'"}], "start": 1624148295193, "stop": 1624148297389, "uuid": "dd80bd9f-57c9-4331-b17c-e8a2b92801d1", "historyId": "0cc7ce03c2a50e0879b975f3981d500c", "testCaseId": "3c0a06f239f741ae4978a224068c5c7f", "fullName": "selenium_course.stepik_lessons.module_5.test_main_page.TestMainPage#test_guest_can_add_product_to_basket", "labels": [{"name": "tag", "value": "@pytest.mark.xfail"}, {"name": "parentSuite", "value": "selenium_course.stepik_lessons.module_5"}, {"name": "suite", "value": "test_main_page"}, {"name": "subSuite", "value": "TestMainPage"}, {"name": "host", "value": "LAPTOP-H6DTE3N3"}, {"name": "thread", "value": "10508-MainThread"}, {"name": "framework", "value": "pytest"}, {"name": "language", "value": "cpython3"}, {"name": "package", "value": "selenium_course.stepik_lessons.module_5.test_main_page"}]}