{
  "uid" : "22f81f8a5108ad25",
  "name" : "test_guest_can_add_product_to_basket[offer7]",
  "fullName" : "selenium_course.stepik_lessons.module_5.test_main_page.TestMainPage#test_guest_can_add_product_to_basket",
  "historyId" : "0cc7ce03c2a50e0879b975f3981d500c",
  "time" : {
    "start" : 1624148295193,
    "stop" : 1624148297389,
    "duration" : 2196
  },
  "status" : "skipped",
  "statusMessage" : "XFAIL\n\nAssertionError: Selected and added product name does not match!",
  "statusTrace" : "self = <module_5.test_main_page.TestMainPage object at 0x0000018C9045F608>\nbrowser = <selenium.webdriver.chrome.webdriver.WebDriver (session=\"3905ceccb1e1ac929db5368efae9a697\")>\nlanguage = 'en-gb', promo_offer = 'offer7'\n\n    @pytest.mark.parametrize('promo_offer', [\"offer0\",\"offer1\",\"offer2\",\"offer3\",\"offer4\",\"offer5\",\"offer6\", pytest.param(\"offer7\", marks=pytest.mark.xfail),\"offer8\",\"offer9\"])\n    def test_guest_can_add_product_to_basket(self, browser, language, promo_offer):\n        promo_page = ProductPage(browser, promo_link+f\"/?promo={promo_offer}\")\n        promo_page.open()\n        promo_page.should_be_add_product_to_basket(language)\n        promo_page.solve_quiz_and_get_code()\n>       promo_page.compare_selected_and_added_product()\n\nselenium_course\\stepik_lessons\\module_5\\test_main_page.py:58: \n_ _ _ _ _ _ _ _ _ _ _ _ _ _ _ _ _ _ _ _ _ _ _ _ _ _ _ _ _ _ _ _ _ _ _ _ _ _ _ _ _ _ _ _ _ _ _ _ _ _ _ _ _ _ _ _ _ _ _ _\nselenium_course\\stepik_lessons\\module_5\\pages\\product_page.py:18: in compare_selected_and_added_product\n    self.compare_selected_product_name_and_added_product_name()\n_ _ _ _ _ _ _ _ _ _ _ _ _ _ _ _ _ _ _ _ _ _ _ _ _ _ _ _ _ _ _ _ _ _ _ _ _ _ _ _ _ _ _ _ _ _ _ _ _ _ _ _ _ _ _ _ _ _ _ _\n\nself = <module_5.pages.product_page.ProductPage object at 0x0000018C9045B7C8>\n\n    def compare_selected_product_name_and_added_product_name(self):\n        product_added_allert = self.get_element_text(*ProductPageLocators.PRODUCT_ADDED_ALLERT_MESSAGE)\n        product_name = self.get_element_text(*ProductPageLocators.NAME_OF_PRODUCT)\n>       assert product_name == product_added_allert, \"Selected and added product name does not match!\"\nE       AssertionError: Selected and added product name does not match!\n\nselenium_course\\stepik_lessons\\module_5\\pages\\product_page.py:32: AssertionError",
  "flaky" : false,
  "beforeStages" : [ {
    "name" : "language",
    "time" : {
      "start" : 1624148204242,
      "stop" : 1624148204242,
      "duration" : 0
    },
    "status" : "passed",
    "steps" : [ ],
    "attachments" : [ ],
    "parameters" : [ ],
    "hasContent" : false,
    "stepsCount" : 0,
    "attachmentsCount" : 0,
    "shouldDisplayMessage" : false
  }, {
    "name" : "browser",
    "time" : {
      "start" : 1624148293889,
      "stop" : 1624148295192,
      "duration" : 1303
    },
    "status" : "passed",
    "steps" : [ ],
    "attachments" : [ ],
    "parameters" : [ ],
    "hasContent" : false,
    "stepsCount" : 0,
    "attachmentsCount" : 0,
    "shouldDisplayMessage" : false
  }, {
    "name" : "browser_name",
    "time" : {
      "start" : 1624148204242,
      "stop" : 1624148204242,
      "duration" : 0
    },
    "status" : "passed",
    "steps" : [ ],
    "attachments" : [ ],
    "parameters" : [ ],
    "hasContent" : false,
    "stepsCount" : 0,
    "attachmentsCount" : 0,
    "shouldDisplayMessage" : false
  } ],
  "testStage" : {
    "status" : "skipped",
    "statusMessage" : "XFAIL\n\nAssertionError: Selected and added product name does not match!",
    "statusTrace" : "self = <module_5.test_main_page.TestMainPage object at 0x0000018C9045F608>\nbrowser = <selenium.webdriver.chrome.webdriver.WebDriver (session=\"3905ceccb1e1ac929db5368efae9a697\")>\nlanguage = 'en-gb', promo_offer = 'offer7'\n\n    @pytest.mark.parametrize('promo_offer', [\"offer0\",\"offer1\",\"offer2\",\"offer3\",\"offer4\",\"offer5\",\"offer6\", pytest.param(\"offer7\", marks=pytest.mark.xfail),\"offer8\",\"offer9\"])\n    def test_guest_can_add_product_to_basket(self, browser, language, promo_offer):\n        promo_page = ProductPage(browser, promo_link+f\"/?promo={promo_offer}\")\n        promo_page.open()\n        promo_page.should_be_add_product_to_basket(language)\n        promo_page.solve_quiz_and_get_code()\n>       promo_page.compare_selected_and_added_product()\n\nselenium_course\\stepik_lessons\\module_5\\test_main_page.py:58: \n_ _ _ _ _ _ _ _ _ _ _ _ _ _ _ _ _ _ _ _ _ _ _ _ _ _ _ _ _ _ _ _ _ _ _ _ _ _ _ _ _ _ _ _ _ _ _ _ _ _ _ _ _ _ _ _ _ _ _ _\nselenium_course\\stepik_lessons\\module_5\\pages\\product_page.py:18: in compare_selected_and_added_product\n    self.compare_selected_product_name_and_added_product_name()\n_ _ _ _ _ _ _ _ _ _ _ _ _ _ _ _ _ _ _ _ _ _ _ _ _ _ _ _ _ _ _ _ _ _ _ _ _ _ _ _ _ _ _ _ _ _ _ _ _ _ _ _ _ _ _ _ _ _ _ _\n\nself = <module_5.pages.product_page.ProductPage object at 0x0000018C9045B7C8>\n\n    def compare_selected_product_name_and_added_product_name(self):\n        product_added_allert = self.get_element_text(*ProductPageLocators.PRODUCT_ADDED_ALLERT_MESSAGE)\n        product_name = self.get_element_text(*ProductPageLocators.NAME_OF_PRODUCT)\n>       assert product_name == product_added_allert, \"Selected and added product name does not match!\"\nE       AssertionError: Selected and added product name does not match!\n\nselenium_course\\stepik_lessons\\module_5\\pages\\product_page.py:32: AssertionError",
    "steps" : [ ],
    "attachments" : [ {
      "uid" : "3651e9413b5200ff",
      "name" : "stdout",
      "source" : "3651e9413b5200ff.txt",
      "type" : "text/plain",
      "size" : 57
    } ],
    "parameters" : [ ],
    "hasContent" : true,
    "stepsCount" : 0,
    "attachmentsCount" : 1,
    "shouldDisplayMessage" : true
  },
  "afterStages" : [ {
    "name" : "browser::0",
    "time" : {
      "start" : 1624148297402,
      "stop" : 1624148299671,
      "duration" : 2269
    },
    "status" : "passed",
    "steps" : [ ],
    "attachments" : [ ],
    "parameters" : [ ],
    "hasContent" : false,
    "stepsCount" : 0,
    "attachmentsCount" : 0,
    "shouldDisplayMessage" : false
  } ],
  "labels" : [ {
    "name" : "tag",
    "value" : "@pytest.mark.xfail"
  }, {
    "name" : "parentSuite",
    "value" : "selenium_course.stepik_lessons.module_5"
  }, {
    "name" : "suite",
    "value" : "test_main_page"
  }, {
    "name" : "subSuite",
    "value" : "TestMainPage"
  }, {
    "name" : "host",
    "value" : "LAPTOP-H6DTE3N3"
  }, {
    "name" : "thread",
    "value" : "10508-MainThread"
  }, {
    "name" : "framework",
    "value" : "pytest"
  }, {
    "name" : "language",
    "value" : "cpython3"
  }, {
    "name" : "package",
    "value" : "selenium_course.stepik_lessons.module_5.test_main_page"
  }, {
    "name" : "resultFormat",
    "value" : "allure2"
  } ],
  "parameters" : [ {
    "name" : "promo_offer",
    "value" : "'offer7'"
  } ],
  "links" : [ ],
  "hidden" : false,
  "retry" : false,
  "extra" : {
    "severity" : "normal",
    "retries" : [ ],
    "categories" : [ ],
    "tags" : [ "@pytest.mark.xfail" ]
  },
  "source" : "22f81f8a5108ad25.json",
  "parameterValues" : [ "'offer7'" ]
}