{
  "uid" : "5a6ba17e5a599e38",
  "name" : "test_guest_cant_see_success_message_after_adding_product_to_basket",
  "fullName" : "selenium_course.stepik_lessons.module_5.test_main_page.TestAddToBasketMessages#test_guest_cant_see_success_message_after_adding_product_to_basket",
  "historyId" : "941b37214ec735492e57c82db30d7761",
  "time" : {
    "start" : 1624148217467,
    "stop" : 1624148222444,
    "duration" : 4977
  },
  "status" : "skipped",
  "statusMessage" : "XFAIL\n\nAssertionError: Success message is presented, but should not be",
  "statusTrace" : "self = <module_5.test_main_page.TestAddToBasketMessages object at 0x0000018C903AEFC8>\nbrowser = <selenium.webdriver.chrome.webdriver.WebDriver (session=\"c9f21866553f0615b9a07a972d9f56d5\")>\nlanguage = 'en-gb'\n\n    @pytest.mark.xfail\n    def test_guest_cant_see_success_message_after_adding_product_to_basket(self, browser, language):\n        promo_page = ProductPage(browser, promo_link)\n        promo_page.open()\n        promo_page.should_be_add_product_to_basket(language)\n        # Проверяем, что нет сообщения об успехе с помощью is_not_element_present:\n>       promo_page.should_not_be_success_message()\n\nselenium_course\\stepik_lessons\\module_5\\test_main_page.py:35: \n_ _ _ _ _ _ _ _ _ _ _ _ _ _ _ _ _ _ _ _ _ _ _ _ _ _ _ _ _ _ _ _ _ _ _ _ _ _ _ _ _ _ _ _ _ _ _ _ _ _ _ _ _ _ _ _ _ _ _ _\n\nself = <module_5.pages.product_page.ProductPage object at 0x0000018C903AEEC8>\n\n    def should_not_be_success_message(self):\n        assert self.is_not_element_present(*ProductPageLocators.SUCCESS_MESSAGE), \\\n>           \"Success message is presented, but should not be\"\nE       AssertionError: Success message is presented, but should not be\n\nselenium_course\\stepik_lessons\\module_5\\pages\\product_page.py:41: AssertionError",
  "flaky" : false,
  "beforeStages" : [ {
    "name" : "browser",
    "time" : {
      "start" : 1624148216203,
      "stop" : 1624148217467,
      "duration" : 1264
    },
    "status" : "passed",
    "steps" : [ ],
    "attachments" : [ ],
    "parameters" : [ ],
    "hasContent" : false,
    "stepsCount" : 0,
    "attachmentsCount" : 0,
    "shouldDisplayMessage" : false
  }, {
    "name" : "language",
    "time" : {
      "start" : 1624148204242,
      "stop" : 1624148204242,
      "duration" : 0
    },
    "status" : "passed",
    "steps" : [ ],
    "attachments" : [ ],
    "parameters" : [ ],
    "hasContent" : false,
    "stepsCount" : 0,
    "attachmentsCount" : 0,
    "shouldDisplayMessage" : false
  }, {
    "name" : "browser_name",
    "time" : {
      "start" : 1624148204242,
      "stop" : 1624148204242,
      "duration" : 0
    },
    "status" : "passed",
    "steps" : [ ],
    "attachments" : [ ],
    "parameters" : [ ],
    "hasContent" : false,
    "stepsCount" : 0,
    "attachmentsCount" : 0,
    "shouldDisplayMessage" : false
  } ],
  "testStage" : {
    "status" : "skipped",
    "statusMessage" : "XFAIL\n\nAssertionError: Success message is presented, but should not be",
    "statusTrace" : "self = <module_5.test_main_page.TestAddToBasketMessages object at 0x0000018C903AEFC8>\nbrowser = <selenium.webdriver.chrome.webdriver.WebDriver (session=\"c9f21866553f0615b9a07a972d9f56d5\")>\nlanguage = 'en-gb'\n\n    @pytest.mark.xfail\n    def test_guest_cant_see_success_message_after_adding_product_to_basket(self, browser, language):\n        promo_page = ProductPage(browser, promo_link)\n        promo_page.open()\n        promo_page.should_be_add_product_to_basket(language)\n        # Проверяем, что нет сообщения об успехе с помощью is_not_element_present:\n>       promo_page.should_not_be_success_message()\n\nselenium_course\\stepik_lessons\\module_5\\test_main_page.py:35: \n_ _ _ _ _ _ _ _ _ _ _ _ _ _ _ _ _ _ _ _ _ _ _ _ _ _ _ _ _ _ _ _ _ _ _ _ _ _ _ _ _ _ _ _ _ _ _ _ _ _ _ _ _ _ _ _ _ _ _ _\n\nself = <module_5.pages.product_page.ProductPage object at 0x0000018C903AEEC8>\n\n    def should_not_be_success_message(self):\n        assert self.is_not_element_present(*ProductPageLocators.SUCCESS_MESSAGE), \\\n>           \"Success message is presented, but should not be\"\nE       AssertionError: Success message is presented, but should not be\n\nselenium_course\\stepik_lessons\\module_5\\pages\\product_page.py:41: AssertionError",
    "steps" : [ ],
    "attachments" : [ {
      "uid" : "1d50d9d58b599154",
      "name" : "stdout",
      "source" : "1d50d9d58b599154.txt",
      "type" : "text/plain",
      "size" : 31
    } ],
    "parameters" : [ ],
    "hasContent" : true,
    "stepsCount" : 0,
    "attachmentsCount" : 1,
    "shouldDisplayMessage" : true
  },
  "afterStages" : [ {
    "name" : "browser::0",
    "time" : {
      "start" : 1624148222477,
      "stop" : 1624148224755,
      "duration" : 2278
    },
    "status" : "passed",
    "steps" : [ ],
    "attachments" : [ ],
    "parameters" : [ ],
    "hasContent" : false,
    "stepsCount" : 0,
    "attachmentsCount" : 0,
    "shouldDisplayMessage" : false
  } ],
  "labels" : [ {
    "name" : "tag",
    "value" : "@pytest.mark.xfail"
  }, {
    "name" : "tag",
    "value" : "messages"
  }, {
    "name" : "parentSuite",
    "value" : "selenium_course.stepik_lessons.module_5"
  }, {
    "name" : "suite",
    "value" : "test_main_page"
  }, {
    "name" : "subSuite",
    "value" : "TestAddToBasketMessages"
  }, {
    "name" : "host",
    "value" : "LAPTOP-H6DTE3N3"
  }, {
    "name" : "thread",
    "value" : "10508-MainThread"
  }, {
    "name" : "framework",
    "value" : "pytest"
  }, {
    "name" : "language",
    "value" : "cpython3"
  }, {
    "name" : "package",
    "value" : "selenium_course.stepik_lessons.module_5.test_main_page"
  }, {
    "name" : "resultFormat",
    "value" : "allure2"
  } ],
  "parameters" : [ ],
  "links" : [ ],
  "hidden" : false,
  "retry" : false,
  "extra" : {
    "severity" : "normal",
    "retries" : [ ],
    "categories" : [ ],
    "tags" : [ "@pytest.mark.xfail", "messages" ]
  },
  "source" : "5a6ba17e5a599e38.json",
  "parameterValues" : [ ]
}